[debug] [2017-09-30T09:11:30.024Z] ----------------------------------------------------------------------
[debug] [2017-09-30T09:11:30.026Z] Command:       C:\nodejs\node.exe C:\nodejs\node_modules\firebase-tools\bin\firebase deploy
[debug] [2017-09-30T09:11:30.026Z] CLI Version:   3.12.0
[debug] [2017-09-30T09:11:30.026Z] Platform:      win32
[debug] [2017-09-30T09:11:30.026Z] Node Version:  v8.2.1
[debug] [2017-09-30T09:11:30.027Z] Time:          Sat Sep 30 2017 05:11:30 GMT-0400 (Eastern Daylight Time)
[debug] [2017-09-30T09:11:30.027Z] ----------------------------------------------------------------------
[debug] 
[debug] [2017-09-30T09:11:30.038Z] > command requires scopes: ["email","openid","https://www.googleapis.com/auth/cloudplatformprojects.readonly","https://www.googleapis.com/auth/firebase","https://www.googleapis.com/auth/cloud-platform"]
[debug] [2017-09-30T09:11:30.039Z] > authorizing via signed-in user
[debug] [2017-09-30T09:11:30.041Z] >>> HTTP REQUEST GET https://admin.firebase.com/v1/projects/prelaunch-parol  
 Sat Sep 30 2017 05:11:30 GMT-0400 (Eastern Daylight Time)
[debug] [2017-09-30T09:11:30.832Z] <<< HTTP RESPONSE 200
[debug] [2017-09-30T09:11:30.832Z] >>> HTTP REQUEST GET https://admin.firebase.com/v1/database/prelaunch-parol/tokens  
 Sat Sep 30 2017 05:11:30 GMT-0400 (Eastern Daylight Time)
[debug] [2017-09-30T09:11:31.534Z] <<< HTTP RESPONSE 200
[info] 
[info] === Deploying to 'prelaunch-parol'...
[info] 
[info] i  deploying hosting
[info] i  hosting: preparing app directory for upload...
[debug] [2017-09-30T09:11:33.404Z] >>> HTTP REQUEST PUT https://deploy.firebase.com/v1/hosting/prelaunch-parol/uploads/-KvH2Wr2G3NKcu_pJJKv?fileCount=37&message=  
 Sat Sep 30 2017 05:11:33 GMT-0400 (Eastern Daylight Time)
